 
New instance of bashtop version: 0.9.25 Pid: 5285
/tmp/fLJT9Ccgy0er/bashtop.psutil:103: DeprecationWarning: 'count' is passed as positional argument
  name = re.sub( ".*" + rem_line + ".*:", "", line,1).lstrip()
 
New instance of bashtop version: 0.9.25 Pid: 2562
/tmp/SVh2nrMSQPkR/bashtop.psutil:103: DeprecationWarning: 'count' is passed as positional argument
  name = re.sub( ".*" + rem_line + ".*:", "", line,1).lstrip()
 
New instance of bashtop version: 0.9.25 Pid: 4283
/tmp/4AYj7CY7oKxz/bashtop.psutil:103: DeprecationWarning: 'count' is passed as positional argument
  name = re.sub( ".*" + rem_line + ".*:", "", line,1).lstrip()
 
New instance of bashtop version: 0.9.25 Pid: 197663
/tmp/nmQhwm83VLKD/bashtop.psutil:103: DeprecationWarning: 'count' is passed as positional argument
  name = re.sub( ".*" + rem_line + ".*:", "", line,1).lstrip()
 
New instance of bashtop version: 0.9.25 Pid: 3105
/tmp/FcCSFBOkayuh/bashtop.psutil:103: DeprecationWarning: 'count' is passed as positional argument
  name = re.sub( ".*" + rem_line + ".*:", "", line,1).lstrip()
 
New instance of bashtop version: 0.9.25 Pid: 20814
/tmp/oYxLNu5PQztT/bashtop.psutil:103: DeprecationWarning: 'count' is passed as positional argument
  name = re.sub( ".*" + rem_line + ".*:", "", line,1).lstrip()
 
New instance of bashtop version: 0.9.25 Pid: 51301
/tmp/QlnFaaWclflb/bashtop.psutil:103: DeprecationWarning: 'count' is passed as positional argument
  name = re.sub( ".*" + rem_line + ".*:", "", line,1).lstrip()
 
New instance of bashtop version: 0.9.25 Pid: 42147
/tmp/QBXBjeZJOFhx/bashtop.psutil:103: DeprecationWarning: 'count' is passed as positional argument
  name = re.sub( ".*" + rem_line + ".*:", "", line,1).lstrip()
 
New instance of bashtop version: 0.9.25 Pid: 877005
/tmp/CpoAQSKWpLuZ/bashtop.psutil:103: DeprecationWarning: 'count' is passed as positional argument
  name = re.sub( ".*" + rem_line + ".*:", "", line,1).lstrip()
 
New instance of bashtop version: 0.9.25 Pid: 51550
/tmp/PZi5ovXKLYbM/bashtop.psutil:103: DeprecationWarning: 'count' is passed as positional argument
  name = re.sub( ".*" + rem_line + ".*:", "", line,1).lstrip()
